<?xml version="1.0" encoding="UTF-8" ?>
<testsuites>
  <testsuite errors="1" failures="2" hostname="ip-172-31-45-123" id="0" name="AtInjectTCK" package="org.jboss.weld.atinject.tck" skipped="0" tests="50" time="0.102" timestamp="2022-10-28T10:18:04">
      <properties>
[...]
</properties>

      <testcase classname="org.atinject.tck.auto.Convertible$Tests" name="testOverriddenPublicMethodInjectedOnlyOnce" time="0.001" />

      <testcase classname="org.atinject.tck.auto.Convertible$Tests" name="testPackagePrivateMethodNotInjectedWhenOverrideLacksAnnotation" time="0.0" />

      <testcase classname="org.atinject.tck.auto.Convertible$Tests" name="testProviderReturnedValues" time="0.0" />

      <testcase classname="org.atinject.tck.auto.Convertible$Tests" name="testQualifiersNotInheritedFromOverriddenMethod" time="0.0" />

      <testcase classname="org.atinject.tck.auto.Convertible$Tests" name="testPublicNoArgsConstructorInjected" time="0.0" />

      <testcase classname="org.atinject.tck.auto.Convertible$Tests" name="testCircularlyDependentSingletons" time="0.0" />

      <testcase classname="org.atinject.tck.auto.Convertible$Tests" name="testPublicMethodNotInjectedWhenOverrideNotAnnotated" time="0.0" />

      <testcase classname="org.atinject.tck.auto.Convertible$Tests" name="testPackagePrivateMethodInjectedDifferentPackages" time="0.0" />

      <testcase classname="org.atinject.tck.auto.Convertible$Tests" name="testSupertypeMethodInjectedBeforeSubtypeMethods" time="0.0" />

      <testcase classname="org.atinject.tck.auto.Convertible$Tests" name="testFieldInjectedProviderYieldsSingleton" time="0.0" />

      <testcase classname="org.atinject.tck.auto.Convertible$Tests" name="testConstructorInjectedProviderYieldsSingleton" time="0.0" />

      <testcase classname="org.atinject.tck.auto.Convertible$Tests" name="testPackagePrivateMethodInjectedEvenWhenSimilarMethodLacksAnnotation" time="0.0" />

      <testcase classname="org.atinject.tck.auto.Convertible$Tests" name="testOverriddenPackagePrivateMethodInjectedOnlyOnce" time="0.0" />

      <testcase classname="org.atinject.tck.auto.Convertible$Tests" name="testNonVoidMethodInjected" time="0.0" />

      <testcase classname="org.atinject.tck.auto.Convertible$Tests" name="testOverriddenPublicMethodNotInjected" time="0.0" />

      <testcase classname="org.atinject.tck.auto.Convertible$Tests" name="testMethodInjectedProviderYieldsDistinctValues" time="0.001" />

      <testcase classname="org.atinject.tck.auto.Convertible$Tests" name="testProtectedMethodNotInjectedWhenOverrideNotAnnotated" time="0.0" />

      <testcase classname="org.atinject.tck.auto.Convertible$Tests" name="testSimilarPackagePrivateMethodInjectedOnlyOnce" time="0.0" />

      <testcase classname="org.atinject.tck.auto.Convertible$Tests" name="testConstructorInjectedProviderYieldsDistinctValues" time="0.001" />

      <testcase classname="org.atinject.tck.auto.Convertible$Tests" name="testOverriddingMixedWithPackagePrivate2" time="0.0" />

      <testcase classname="org.atinject.tck.auto.Convertible$Tests" name="testOverriddingMixedWithPackagePrivate3" time="0.0" />

      <testcase classname="org.atinject.tck.auto.Convertible$Tests" name="testOverriddingMixedWithPackagePrivate4" time="0.0" />

      <testcase classname="org.atinject.tck.auto.Convertible$Tests" name="testMethodInjectionWithProviders" time="0.002" />

      <testcase classname="org.atinject.tck.auto.Convertible$Tests" name="testFieldsInjectedBeforeMethods" time="0.0" />

      <testcase classname="org.atinject.tck.auto.Convertible$Tests" name="testMethodWithZeroParametersInjected" time="0.0" />

      <testcase classname="org.atinject.tck.auto.Convertible$Tests" name="testOverriddenProtectedMethodInjectedOnlyOnce" time="0.0" />

      <testcase classname="org.atinject.tck.auto.Convertible$Tests" name="testSubtypeFieldsInjected" time="0.0" />

      <testcase classname="org.atinject.tck.auto.Convertible$Tests" name="testSupertypeFieldsInjected" time="0.0" />

      <testcase classname="org.atinject.tck.auto.Convertible$Tests" name="testConstructorInjectionWithValues" time="0.0" />

      <testcase classname="org.atinject.tck.auto.Convertible$Tests" name="testSingletonAnnotationNotInheritedFromSupertype" time="0.0" />

      <testcase classname="org.atinject.tck.auto.Convertible$Tests" name="testConstructorInjectionWithProviders" time="0.0" />

      <testcase classname="org.atinject.tck.auto.Convertible$Tests" name="testFieldInjectedProviderYieldsDistinctValues" time="0.001" />

      <testcase classname="org.atinject.tck.auto.Convertible$Tests" name="testPackagePrivateMethodNotInjectedWhenSupertypeHasAnnotatedSimilarMethod" time="0.0" />

      <testcase classname="org.atinject.tck.auto.Convertible$Tests" name="testSubtypeMethodsInjected" time="0.0" />

      <testcase classname="org.atinject.tck.auto.Convertible$Tests" name="testTwiceOverriddenMethodInjectedWhenMiddleLacksAnnotation" time="0.0" />

      <testcase classname="org.atinject.tck.auto.Convertible$Tests" name="testPrivateMethodNotInjectedWhenSupertypeHasAnnotatedSimilarMethod" time="0.0" />

      <testcase classname="org.atinject.tck.auto.Convertible$Tests" name="testTwiceOverriddenMethodNotInjectedWhenOverrideLacksAnnotation" time="0.0" />

      <testcase classname="org.atinject.tck.auto.Convertible$Tests" name="testFieldInjectionWithValues" time="0.0" />

      <testcase classname="org.atinject.tck.auto.Convertible$Tests" name="testMethodInjectedProviderYieldsSingleton" time="0.0" />

      <testcase classname="org.atinject.tck.auto.Convertible$Tests" name="testOverriddenProtectedMethodInjection" time="0.001" />

      <testcase classname="org.atinject.tck.auto.Convertible$Tests" name="testMethodInjectionWithValues" time="0.0" />

      <testcase classname="org.atinject.tck.auto.Convertible$Tests" name="testSupertypeMethodsInjectedBeforeSubtypeFields" time="0.0" />

      <testcase classname="org.atinject.tck.auto.Convertible$Tests" name="testSupertypeMethodsInjected" time="0.0" />

      <testcase classname="org.atinject.tck.auto.Convertible$Tests" name="testMethodWithMultipleParametersInjected" time="0.001" />

      <testcase classname="org.atinject.tck.auto.Convertible$Tests" name="testFieldInjectionWithProviders" time="0.001" />

      <testcase classname="org.atinject.tck.auto.Convertible$Tests" name="testFieldsInjected" time="0.0" />

      <testcase classname="org.atinject.tck.auto.Convertible$PrivateTests" name="testSupertypePrivateMethodInjected" time="0.0" />

      <testcase classname="org.atinject.tck.auto.Convertible$PrivateTests" name="testPrivateMethodInjectedEvenWhenSimilarMethodLacksAnnotation" time="0.0" />

      <testcase classname="org.atinject.tck.auto.Convertible$PrivateTests" name="testPackagePrivateMethodInjectedSamePackage" time="0.001" />

      <testcase classname="org.atinject.tck.auto.Convertible$PrivateTests" name="testSimilarPrivateMethodInjectedOnlyOnce" time="0.0" />

      <system-out><![CDATA[]]></system-out>

      <system-err><![CDATA[Oct 28, 2022 10:18:02 AM org.jboss.weld.bootstrap.WeldStartup <clinit>
INFO: WELD-000900: 5.0.1 (Final)
Oct 28, 2022 10:18:03 AM org.jboss.weld.bootstrap.WeldStartup startContainer
INFO: WELD-000101: Transactional services not available. Injection of @Inject UserTransaction not available. Transactional observers will be invoked synchronously.
]]></system-err>

  </testsuite>
</testsuites>
